<?xml version="1.0" encoding="UTF-8"?>
<testsuite xmlns:xsi="http://www.w3.org/2001/XMLSchema-instance" xsi:noNamespaceSchemaLocation="https://maven.apache.org/surefire/maven-surefire-plugin/xsd/surefire-test-report-3.0.xsd" version="3.0" name="TestSuite" time="12.498" tests="4" errors="0" skipped="0" failures="0">
  <properties>
[...]
</properties>
  <testcase name="validateNavbar" classname="Academy.EndtoEndProject.ValiDateNavigationBar" time="3.496">
    <system-err><![CDATA[Starting ChromeDriver 96.0.4664.45 (76e4c1bb2ab4671b8beba3444e61c0f17584b2fc-refs/bSrtaanrcht-hienga dCshr/o46m6e4Dr@i{#v9e4r7 }9)6 .0o.n4 66p4o.r4t5  1(47866e64c1
bObn2layb 4l6o7c1abl8 becboa3n4n4e4cet61ico0fn1s7 5a8r4eb 2facl-lroewfeds./
bPrlanecahs-eh esaedes /h46t6t4@p{s#:/9/4c7h}r) oomn epdorrtiv e2r4.0c4h0ro
mOinulmy. olorcSgat/las rcteiocnngu nrCehrciottmyi-eoDcnrosni svaierrde  ear9la6l.towi0e.do4.n6s6
 4Pf.lo4re5 assu ge(g 7es6seete4io ch1tnbtsbp 2so:a/nb/ 4ck6he7re1opbmi8nebged brCaih3vr4e4ro.mce4hDrrei6ov1cme0irfu 1ms7.5ao8f4rbe2g.f/cs-
erecfCushr/rboimrtaeyDn-rccho-inhvesearid dws/ae4sr 6s6a4tt@ai{rot#e9nd4s 7 su}fco)rc  soeunsggses ftpuilorlotyn. s3 6
o9n89 k
Oenelyp lioncgal  CcohnnreoctmieoDnrs iaverre  salalofwede..
Plea
se see https://chrChormeodrmiveerD.crhirveorm iwuams. osrtagr/tsede cusurcicteys-sfcuolnlys.i
derations for suggestions on keeping ChromeDriver safe.
ChromeDriver was started successfully.
[1641748403.463][WARNING]: This version of ChromeDriver has not been tested with Chrome version 97.
[1641748403.547][WARNING]: This version of ChromeDriver has not been tested with Chrome version 97.
Jan 09, 2022 10:43:23 PM org.openqa.selenium.remote.ProtocolHandshake createSession
INFO: Detected dialect: W3C
Jan 09, 2022 10:43:23 PM org.openqa.selenium.remote.ProtocolHandshake createSession
INFO: Detected dialect: W3C
[1641748403.812][WARNING]: This version of ChromeDriver has not been tested with Chrome version 97.
Jan 09, 2022 10:43:23 PM org.openqa.selenium.remote.ProtocolHandshake createSession
INFO: Detected dialect: W3C
]]></system-err>
  </testcase>
  <testcase name="validateApptittle" classname="Academy.EndtoEndProject.ValiDateTittle" time="3.888"/>
  <testcase name="basePageNavigation[sharan123, 123456](1)" classname="Academy.EndtoEndProject.HomePage" time="5.661"/>
  <testcase name="basePageNavigation[pada123, 123456789](2)" classname="Academy.EndtoEndProject.HomePage" time="2.944"/>
</testsuite>